  [1m[36m (1.4ms)[0m  [1mCREATE TABLE "schema_migrations" ("version" varchar NOT NULL) [0m
  [1m[35m (0.1ms)[0m  select sqlite_version(*)
  [1m[36m (1.1ms)[0m  [1mCREATE UNIQUE INDEX "unique_schema_migrations" ON "schema_migrations" ("version")[0m
  [1m[35mActiveRecord::SchemaMigration Load (0.1ms)[0m  SELECT "schema_migrations".* FROM "schema_migrations"


Started GET "/" for ::1 at 2015-11-16 16:12:00 -0600
Processing by Rails::WelcomeController#index as HTML
  Rendered /Users/admin/.rvm/gems/ruby-2.1.2/gems/railties-4.2.3/lib/rails/templates/rails/welcome/index.html.erb (1.9ms)
Completed 200 OK in 48ms (Views: 36.7ms | ActiveRecord: 0.0ms)
Started GET "/" for ::1 at 2020-01-27 17:32:06 -0700
Processing by Rails::WelcomeController#index as HTML
  Parameters: {"internal"=>true}
  Rendering /Users/jeremygray/.rvm/gems/ruby-2.6.1/gems/railties-5.0.7.1/lib/rails/templates/rails/welcome/index.html.erb
  Rendered /Users/jeremygray/.rvm/gems/ruby-2.6.1/gems/railties-5.0.7.1/lib/rails/templates/rails/welcome/index.html.erb (3.5ms)
Completed 200 OK in 23ms (Views: 9.8ms | ActiveRecord: 0.0ms)


Started GET "/hello_world" for ::1 at 2020-01-27 17:32:15 -0700
Processing by StaticController#hello_world as HTML
  Rendering static/hello_world.html.erb within layouts/application
  Rendered static/hello_world.html.erb within layouts/application (0.6ms)
Completed 200 OK in 338ms (Views: 337.4ms | ActiveRecord: 0.0ms)


Started GET "/hello_world" for ::1 at 2020-01-27 17:34:38 -0700
Processing by StaticController#hello_world as HTML
  Rendering static/hello_world.html.erb within layouts/application
  Rendered static/hello_world.html.erb within layouts/application (0.5ms)
Completed 200 OK in 30ms (Views: 28.6ms | ActiveRecord: 0.0ms)


